Determining if the pthread_create exist failed with the following output:
Change Dir: /home/huy/dev/TurtleBot3_catkin_ws/build/CMakeFiles/CMakeTmp

Run Build Command:"/usr/bin/make" "cmTC_d4a80/fast"
/usr/bin/make -f CMakeFiles/cmTC_d4a80.dir/build.make CMakeFiles/cmTC_d4a80.dir/build
make[1]: Entering directory '/home/huy/dev/TurtleBot3_catkin_ws/build/CMakeFiles/CMakeTmp'
Building C object CMakeFiles/cmTC_d4a80.dir/CheckSymbolExists.c.o
/usr/bin/cc    -o CMakeFiles/cmTC_d4a80.dir/CheckSymbolExists.c.o   -c /home/huy/dev/TurtleBot3_catkin_ws/build/CMakeFiles/CMakeTmp/CheckSymbolExists.c
Linking C executable cmTC_d4a80
/usr/bin/cmake -E cmake_link_script CMakeFiles/cmTC_d4a80.dir/link.txt --verbose=1
/usr/bin/cc      -rdynamic CMakeFiles/cmTC_d4a80.dir/CheckSymbolExists.c.o  -o cmTC_d4a80 
CMakeFiles/cmTC_d4a80.dir/CheckSymbolExists.c.o: In function `main':
CheckSymbolExists.c:(.text+0x1b): undefined reference to `pthread_create'
collect2: error: ld returned 1 exit status
CMakeFiles/cmTC_d4a80.dir/build.make:97: recipe for target 'cmTC_d4a80' failed
make[1]: *** [cmTC_d4a80] Error 1
make[1]: Leaving directory '/home/huy/dev/TurtleBot3_catkin_ws/build/CMakeFiles/CMakeTmp'
Makefile:126: recipe for target 'cmTC_d4a80/fast' failed
make: *** [cmTC_d4a80/fast] Error 2

File /home/huy/dev/TurtleBot3_catkin_ws/build/CMakeFiles/CMakeTmp/CheckSymbolExists.c:
/* */
#include <pthread.h>

int main(int argc, char** argv)
{
  (void)argv;
#ifndef pthread_create
  return ((int*)(&pthread_create))[argc];
#else
  (void)argc;
  return 0;
#endif
}

Determining if the function pthread_create exists in the pthreads failed with the following output:
Change Dir: /home/huy/dev/TurtleBot3_catkin_ws/build/CMakeFiles/CMakeTmp

Run Build Command:"/usr/bin/make" "cmTC_8eabb/fast"
/usr/bin/make -f CMakeFiles/cmTC_8eabb.dir/build.make CMakeFiles/cmTC_8eabb.dir/build
make[1]: Entering directory '/home/huy/dev/TurtleBot3_catkin_ws/build/CMakeFiles/CMakeTmp'
Building C object CMakeFiles/cmTC_8eabb.dir/CheckFunctionExists.c.o
/usr/bin/cc   -DCHECK_FUNCTION_EXISTS=pthread_create   -o CMakeFiles/cmTC_8eabb.dir/CheckFunctionExists.c.o   -c /usr/share/cmake-3.10/Modules/CheckFunctionExists.c
Linking C executable cmTC_8eabb
/usr/bin/cmake -E cmake_link_script CMakeFiles/cmTC_8eabb.dir/link.txt --verbose=1
/usr/bin/cc  -DCHECK_FUNCTION_EXISTS=pthread_create    -rdynamic CMakeFiles/cmTC_8eabb.dir/CheckFunctionExists.c.o  -o cmTC_8eabb -lpthreads 
/usr/bin/ld: cannot find -lpthreads
collect2: error: ld returned 1 exit status
CMakeFiles/cmTC_8eabb.dir/build.make:97: recipe for target 'cmTC_8eabb' failed
make[1]: *** [cmTC_8eabb] Error 1
make[1]: Leaving directory '/home/huy/dev/TurtleBot3_catkin_ws/build/CMakeFiles/CMakeTmp'
Makefile:126: recipe for target 'cmTC_8eabb/fast' failed
make: *** [cmTC_8eabb/fast] Error 2


